Arguments: 
  c:\program files\nodejs\node.exe C:\Users\Gee\AppData\Roaming\npm\node_modules\yarn\bin\yarn.js add @babel/core @bable/cli --dev

PATH: 
  C:\Program Files (x86)\Common Files\Oracle\Java\javapath;c:\programdata\oracle\java\javapath;c:\windows\system32;c:\windows;c:\windows\system32\wbem;c:\windows\system32\windowspowershell\v1.0\;c:\program files\putty\;c:\xampp\php;d:\git.exe;c:\program files\mysql\mysql utilities 1.6\;c:\windows\system32;c:\windows;c:\windows\system32\wbem;c:\windows\system32\windowspowershell\v1.0\;c:\program files (x86)\brackets\command;c:\windows\system32\openssh\;c:\program files\nodejs\;C:\Program Files\Microsoft VS Code\bin;C:\Ruby24-x64\bin;C:\Users\Gee\AppData\Local\Programs\Python\Python36-32\Scripts\;C:\Users\Gee\AppData\Local\Programs\Python\Python36-32\;C:\Users\Gee\AppData\Local\Microsoft\WindowsApps;C:\Program Files\MongoDB\Server\3.4\bin;C:\Program Files\PostgreSQL\9.6\bin;C:\Program Files\Heroku\bin;C:\Users\Gee\AppData\Roaming\Composer\vendor\bin;C:\Program Files\Microsoft VS Code\bin;C:\Users\Gee\AppData\Roaming\npm;C:\Users\Gee\AppData\Local\atom\bin;%USERPROFILE%\AppData\Local\Microsoft\WindowsApps;

Yarn version: 
  1.13.0

Node version: 
  11.2.0

Platform: 
  win32 x64

Trace: 
  Error: https://registry.yarnpkg.com/@bable%2fcli: Not found
      at Request.params.callback [as _callback] (C:\Users\Gee\AppData\Roaming\npm\node_modules\yarn\lib\cli.js:66255:18)
      at Request.self.callback (C:\Users\Gee\AppData\Roaming\npm\node_modules\yarn\lib\cli.js:129397:22)
      at Request.emit (events.js:182:13)
      at Request.<anonymous> (C:\Users\Gee\AppData\Roaming\npm\node_modules\yarn\lib\cli.js:130369:10)
      at Request.emit (events.js:182:13)
      at IncomingMessage.<anonymous> (C:\Users\Gee\AppData\Roaming\npm\node_modules\yarn\lib\cli.js:130291:12)
      at Object.onceWrapper (events.js:273:13)
      at IncomingMessage.emit (events.js:187:15)
      at endReadableNT (_stream_readable.js:1098:12)
      at process.internalTickCallback (internal/process/next_tick.js:72:19)

npm manifest: 
  {
    "name": "React-Bucket-List-App",
    "version": "1.0.0",
    "main": "index.js",
    "license": "MIT"
  }

yarn manifest: 
  No manifest

Lockfile: 
  No lockfile
